Determining if the pthread_create exist failed with the following output:
Change Dir: /home/norberto/Escritorio/TFG_git/TFG/opengl/build/CMakeFiles/CMakeTmp

Run Build Command:"/usr/bin/make" "cmTC_1d60c/fast"
/usr/bin/make -f CMakeFiles/cmTC_1d60c.dir/build.make CMakeFiles/cmTC_1d60c.dir/build
make[1]: se entra en el directorio '/home/norberto/Escritorio/TFG_git/TFG/opengl/build/CMakeFiles/CMakeTmp'
Building C object CMakeFiles/cmTC_1d60c.dir/CheckSymbolExists.c.o
/usr/bin/cc   -Wall -Wfatal-errors -std=c99    -o CMakeFiles/cmTC_1d60c.dir/CheckSymbolExists.c.o   -c /home/norberto/Escritorio/TFG_git/TFG/opengl/build/CMakeFiles/CMakeTmp/CheckSymbolExists.c
Linking C executable cmTC_1d60c
/usr/bin/cmake -E cmake_link_script CMakeFiles/cmTC_1d60c.dir/link.txt --verbose=1
/usr/bin/cc  -Wall -Wfatal-errors -std=c99     -rdynamic CMakeFiles/cmTC_1d60c.dir/CheckSymbolExists.c.o  -o cmTC_1d60c 
CMakeFiles/cmTC_1d60c.dir/CheckSymbolExists.c.o: En la función `main':
CheckSymbolExists.c:(.text+0x1b): referencia a `pthread_create' sin definir
collect2: error: ld returned 1 exit status
CMakeFiles/cmTC_1d60c.dir/build.make:97: fallo en las instrucciones para el objetivo 'cmTC_1d60c'
make[1]: *** [cmTC_1d60c] Error 1
make[1]: se sale del directorio '/home/norberto/Escritorio/TFG_git/TFG/opengl/build/CMakeFiles/CMakeTmp'
Makefile:126: fallo en las instrucciones para el objetivo 'cmTC_1d60c/fast'
make: *** [cmTC_1d60c/fast] Error 2

File /home/norberto/Escritorio/TFG_git/TFG/opengl/build/CMakeFiles/CMakeTmp/CheckSymbolExists.c:
/* */
#include <pthread.h>

int main(int argc, char** argv)
{
  (void)argv;
#ifndef pthread_create
  return ((int*)(&pthread_create))[argc];
#else
  (void)argc;
  return 0;
#endif
}

Determining if the function pthread_create exists in the pthreads failed with the following output:
Change Dir: /home/norberto/Escritorio/TFG_git/TFG/opengl/build/CMakeFiles/CMakeTmp

Run Build Command:"/usr/bin/make" "cmTC_e8e75/fast"
/usr/bin/make -f CMakeFiles/cmTC_e8e75.dir/build.make CMakeFiles/cmTC_e8e75.dir/build
make[1]: se entra en el directorio '/home/norberto/Escritorio/TFG_git/TFG/opengl/build/CMakeFiles/CMakeTmp'
Building C object CMakeFiles/cmTC_e8e75.dir/CheckFunctionExists.c.o
/usr/bin/cc   -Wall -Wfatal-errors -std=c99 -DCHECK_FUNCTION_EXISTS=pthread_create   -o CMakeFiles/cmTC_e8e75.dir/CheckFunctionExists.c.o   -c /usr/share/cmake-3.10/Modules/CheckFunctionExists.c
Linking C executable cmTC_e8e75
/usr/bin/cmake -E cmake_link_script CMakeFiles/cmTC_e8e75.dir/link.txt --verbose=1
/usr/bin/cc  -Wall -Wfatal-errors -std=c99 -DCHECK_FUNCTION_EXISTS=pthread_create    -rdynamic CMakeFiles/cmTC_e8e75.dir/CheckFunctionExists.c.o  -o cmTC_e8e75 -lpthreads 
/usr/bin/ld: no se puede encontrar -lpthreads
collect2: error: ld returned 1 exit status
CMakeFiles/cmTC_e8e75.dir/build.make:97: fallo en las instrucciones para el objetivo 'cmTC_e8e75'
make[1]: *** [cmTC_e8e75] Error 1
make[1]: se sale del directorio '/home/norberto/Escritorio/TFG_git/TFG/opengl/build/CMakeFiles/CMakeTmp'
Makefile:126: fallo en las instrucciones para el objetivo 'cmTC_e8e75/fast'
make: *** [cmTC_e8e75/fast] Error 2


